/*C14*/SET SCHEMA PUBLIC
DROP TABLE EVENT
DISCONNECT
/*C15*/SET SCHEMA PUBLIC
DROP TABLE SALE
DISCONNECT
/*C16*/SET SCHEMA PUBLIC
DROP TABLE JOB
DISCONNECT
/*C17*/SET SCHEMA PUBLIC
DROP TABLE uniqueID
DISCONNECT
/*C18*/SET SCHEMA PUBLIC
DROP TABLE REPLY
DISCONNECT
/*C19*/SET SCHEMA PUBLIC
CREATE TABLE EVENT(event_id VARCHAR(100)  NOT NULL,title VARCHAR(100) NOT NULL,description VARCHAR(100) NOT NULL,creator_id VARCHAR(100) NOT NULL,status VARCHAR(20) NOT NULL,photo_path VARCHAR(100) NOT NULL,venue VARCHAR(100) NOT NULL,event_date VARCHAR(20) NOT NULL,capacity INT NOT NULL,PRIMARY KEY (event_id))
DISCONNECT
/*C20*/SET SCHEMA PUBLIC
CREATE TABLE sale(sale_id VARCHAR(100)  NOT NULL,title VARCHAR(100) NOT NULL,description VARCHAR(100) NOT NULL,creator_id VARCHAR(100) NOT NULL,status VARCHAR(20) NOT NULL,photo_path VARCHAR(200) NOT NULL,asking_price DOUBLE NOT NULL,minimal_raise DOUBLE NOT NULL,PRIMARY KEY (sale_id))
DISCONNECT
/*C21*/SET SCHEMA PUBLIC
CREATE TABLE job(job_id VARCHAR(100)  NOT NULL,title VARCHAR(100) NOT NULL,description VARCHAR(100) NOT NULL,creator_id VARCHAR(100) NOT NULL,status VARCHAR(20) NOT NULL,photo_path VARCHAR(200) NOT NULL,proposed_price DOUBLE NOT NULL,PRIMARY KEY (job_id))
DISCONNECT
/*C22*/SET SCHEMA PUBLIC
CREATE TABLE uniqueID (id INT IDENTITY NOT NULL,event_unique_id INT NOT NULL,sale_unique_id INT NOT NULL,job_unique_id INT NOT NULL,PRIMARY KEY (id))
DISCONNECT
/*C23*/SET SCHEMA PUBLIC
CREATE TABLE reply(post_ID VARCHAR(20) NOT NULL,value DOUBLE NOT NULL,responder_ID VARCHAR(20) NOT NULL,PRIMARY KEY (post_ID,responder_ID))
DISCONNECT
/*C13*/SET SCHEMA PUBLIC
INSERT INTO EVENT VALUES('EVE002','play computer','We can play dota2 together.','s1','CLOSED','computerGames.jpg','At my house','26/06/2020',2)
COMMIT
INSERT INTO EVENT VALUES('EVE011','sdsafqa','sacasa','s9','CLOSED','0.png','qwdqw','19/06/2020',4)
COMMIT
INSERT INTO EVENT VALUES('EVE001','Play American football','Play American football with us.','s1','CLOSED','packers.jpg','Field','30/06/2020',30)
COMMIT
INSERT INTO EVENT VALUES('EVE012','play computer','We can play dota2 together.','s1','CLOSED','Default_Image.png','At my house','26/06/2020',2)
COMMIT
INSERT INTO SALE VALUES('SAL014','Ipad mini4','brand new','s1','OPEN','ipadMINI.jpeg',1580.0E0,20.0E0)
COMMIT
INSERT INTO SALE VALUES('SAL015','macbook pro 2013','old computer but still works','s2','CLOSED','macbookpro13.jpg',500.0E0,20.0E0)
COMMIT
INSERT INTO JOB VALUES('JOB007','qwerty','wacqw','s9','OPEN','macbookpro13.jpg',3000.0E0)
COMMIT
INSERT INTO JOB VALUES('JOB017','qwerty','wacqw','s9','OPEN','Default_Image.png',3000.0E0)
COMMIT
INSERT INTO JOB VALUES('JOB001','Teach my brother''s math','help me teach my brother','s77','OPEN','tutor.jpeg',200.0E0)
COMMIT
INSERT INTO JOB VALUES('JOB002','Clean my house','clean my house !!!','s6','OPEN','houseclean.jpeg',100.0E0)
COMMIT
INSERT INTO UNIQUEID VALUES(0,11,19,7)
COMMIT
INSERT INTO REPLY VALUES('EVE001',1.0E0,'s3801161')
COMMIT
INSERT INTO REPLY VALUES('EVE001',1.0E0,'s67678')
COMMIT
INSERT INTO REPLY VALUES('EVE001',1.0E0,'s8')
COMMIT
INSERT INTO REPLY VALUES('EVE002',1.0E0,'s6')
COMMIT
INSERT INTO REPLY VALUES('EVE002',1.0E0,'s8')
COMMIT
INSERT INTO REPLY VALUES('EVE011',1.0E0,'s1')
COMMIT
INSERT INTO REPLY VALUES('JOB001',200.0E0,'s1')
COMMIT
INSERT INTO REPLY VALUES('JOB001',200.0E0,'s3801161')
COMMIT
INSERT INTO REPLY VALUES('JOB001',150.0E0,'s66')
COMMIT
INSERT INTO REPLY VALUES('JOB002',70.0E0,'s100')
COMMIT
INSERT INTO REPLY VALUES('JOB002',23.0E0,'s66')
COMMIT
INSERT INTO REPLY VALUES('JOB007',250.0E0,'s1')
COMMIT
INSERT INTO REPLY VALUES('SAL014',300.0E0,'s100')
COMMIT
INSERT INTO REPLY VALUES('SAL014',200.0E0,'s2')
COMMIT
INSERT INTO REPLY VALUES('SAL015',100.0E0,'s3')
COMMIT
INSERT INTO REPLY VALUES('SAL015',10000.0E0,'s55')
COMMIT
INSERT INTO REPLY VALUES('EVE012',1.0E0,'s3801161')
COMMIT
INSERT INTO REPLY VALUES('EVE012',1.0E0,'s67678')
COMMIT
DISCONNECT
